+++++++++++++++++++++++++++++++++
20191125 18:36:05 Hangup (0:00:00)
20191125 18:40:34 Hangup (0:00:00)
20191204 15:43:16 Hangup (0:00:00)
20191216 17:04:01 Hangup (0:00:00)
20191216 17:13:00 Hangup (0:00:00)
20191216 17:27:58 Hangup (0:00:00)
20191216 17:35:53 Hangup (0:00:00)
20191216 17:44:33 Hangup (0:00:00)
20191216 17:46:25 Hangup (0:00:00)
20191216 17:48:39 Hangup (0:00:00)
20191216 18:00:58 Hangup (0:00:00)
20191216 18:40:43 Hangup (0:00:00)
20191216 18:48:39 Hangup (0:00:00)
20191216 18:52:51 Hangup (0:00:00)
20191216 19:46:53 Hangup (0:00:00)
20191221 23:57:46 Hangup (0:00:00)
20191221 23:58:23 Hangup (0:00:00)
20191222 00:00:40 Hangup (0:00:00)
20191222 00:01:20 Hangup (0:00:00)
20191222 00:03:20 Hangup (0:00:00)
20191222 00:05:11 Hangup (0:00:00)
20191222 00:13:00 Hangup (0:00:00)
20191223 17:08:28 Hangup (0:00:00)
20191223 19:25:18 Hangup (0:00:00)
20191223 20:34:25 Hangup (0:00:00)
20191223 22:06:15 Hangup (0:00:00)
20191223 22:08:18 Hangup (0:00:00)
20191223 22:13:03 Hangup (0:00:00)
20191223 22:30:18 Hangup (0:00:00)
20191223 µJ?ı22:33:56 Hangup (0:00:00)
20191223 23:06:30 Hangup (0:00:00)
20191223 23:31:38 Hangup (0:00:00)
20191223 23:53:17 Hangup (0:00:00)
20191224 00:06:20 Hangup (0:00:00)
20191224 00:27:07 Hangup (0:00:00)
20191224 00:41:21 Hangup (0:00:00)
20191224 01:01:52 Hangup (0:00:00)
20191224 01:20:02 Hangup (0:00:00)
20191224 01:25:40 Hangup (0:00:00)
20191224 01:31:42 Hangup (0:00:00)
20191224 01:40:59 Hangup (0:00:00)
20191224 01:46:09 Hangup (0:00:00)
20191224 01:49:22 Hangup (0:00:00)
20191224 02:01:07 Hangup (0:00:00)
20191223 21:42:28 Hangup (0:00:00)
20191224 08:38:33 Hangup (0:00:00)
20191224 08:39:41 Hangup (0:00:00)
20191224 08:55:39 Hangup (0:00:00)
20191224 08:56:21 Hangup (0:00:00)
20191224 09:00:00 Hangup (0:00:00)
20191224 09:01:53 Hangup (0:00:00)
20191224 09:49:23 Hangup (0:00:00)
20191224 09:55:26 Hangup (0:00:00)
20191224 09:56:28 Hangup (0:00:00)
20191224 10:18:12 Hangup (0:00:00)
20191224 11:05:01 Hangup (0:00:00)
20191224 11:36:00 Hangup (0:00:00)
20191229 15:49:13 Hangup (0:00:00)
20191229 16:03:57 µJ?ıHangup (0:00:00)
20191229 16:23:35 Hangup (0:00:00)
20191230 09:56:01 Hangup (0:00:00)
20191230 10:13:07 Hangup (0:00:00)
20191230 10:19:58 Hangup (0:00:00)
20191230 11:32:22 Hangup (0:00:00)
20191230 13:56:51 Hangup (0:00:00)
20191230 14:21:53 Hangup (0:00:00)
20191230 14:45:51 Hangup (0:00:00)
20191230 15:11:02 Hangup (0:00:00)
20191230 15:25:41 Hangup (0:00:00)
20191230 15:40:49 Hangup (0:00:00)
20191230 15:59:56 Hangup (0:00:00)
20191230 16:04:50 Hangup (0:00:00)
20191231 21:41:00 Hangup (0:00:00)
20200101 21:37:46 Hangup (0:00:00)
20200101 21:54:16 Hangup (0:00:00)
20200101 22:07:41 Hangup (0:00:00)
20200101 22:16:47 Hangup (0:00:00)
20200102 09:47:15 Hangup (0:00:00)
20200102 09:58:56 Hangup (0:00:00)
20200102 10:22:43 Hangup (0:00:00)
----------------------------------
